Arguments: 
  /usr/local/bin/node /usr/local/Cellar/yarn/1.2.1/libexec/bin/yarn.js publish

PATH: 
  /opt/local/bin:/opt/local/sbin:/Users/jamie/.composer/vendor/bin:/usr/local/bin:/usr/bin:/bin:/usr/sbin:/sbin

Yarn version: 
  1.2.1

Node version: 
  8.9.0

Platform: 
  darwin x64

npm manifest: 
  {
    "name": "contribution",
    "description": "GitHub contribution graph fetcher with no dependencies",
    "version": "0.0.1",
    "author": "Jamie Straw <me@jamiestraw.com>",
    "license": "MIT",
    "main": "index.js",
    "repository": {
      "type": "git",
      "url": "https://github.com/jamiestraw/contribution.git"
    }
  }

yarn manifest: 
  No manifest

Lockfile: 
  No lockfile

Trace: 
  Error: https://registry.yarnpkg.com/contribution: You cannot publish over the previously published version 0.0.1.
      at Request.params.callback [as _callback] (/usr/local/Cellar/yarn/1.2.1/libexec/lib/cli.js:62027:18)
      at Request.self.callback (/usr/local/Cellar/yarn/1.2.1/libexec/lib/cli.js:123011:22)
      at emitTwo (events.js:126:13)
      at Request.emit (events.js:214:7)
      at Request.<anonymous> (/usr/local/Cellar/yarn/1.2.1/libexec/lib/cli.js:123994:10)
      at emitOne (events.js:116:13)
      at Request.emit (events.js:211:7)
      at Gunzip.<anonymous> (/usr/local/Cellar/yarn/1.2.1/libexec/lib/cli.js:123914:12)
      at Object.onceWrapper (events.js:313:30)
      at emitNone (events.js:111:20)
